c:\users\danik\source\repos\task10_11kg\task10_11kg\x64\debug\vc143.pdb
c:\users\danik\source\repos\task10_11kg\task10_11kg\x64\debug\vc143.idb
c:\users\danik\source\repos\task10_11kg\task10_11kg\x64\debug\stb_image_aug.obj
c:\users\danik\source\repos\task10_11kg\task10_11kg\x64\debug\soil.obj
c:\users\danik\source\repos\task10_11kg\task10_11kg\x64\debug\image_helper.obj
c:\users\danik\source\repos\task10_11kg\task10_11kg\x64\debug\image_dxt.obj
c:\users\danik\source\repos\task10_11kg\task10_11kg\x64\debug\task10_11kg.obj
c:\users\danik\source\repos\task10_11kg\task10_11kg\x64\debug\task10_11kg.ilk
c:\users\danik\source\repos\task10_11kg\x64\debug\task10_11kg.exe
c:\users\danik\source\repos\task10_11kg\x64\debug\task10_11kg.pdb
c:\users\danik\source\repos\task10_11kg\task10_11kg\x64\debug\task10_11kg.res
c:\users\danik\source\repos\task10_11kg\task10_11kg\x64\debug\task10_11kg.tlog\cl.command.1.tlog
c:\users\danik\source\repos\task10_11kg\task10_11kg\x64\debug\task10_11kg.tlog\cl.read.1.tlog
c:\users\danik\source\repos\task10_11kg\task10_11kg\x64\debug\task10_11kg.tlog\cl.write.1.tlog
c:\users\danik\source\repos\task10_11kg\task10_11kg\x64\debug\task10_11kg.tlog\link.command.1.tlog
c:\users\danik\source\repos\task10_11kg\task10_11kg\x64\debug\task10_11kg.tlog\link.read.1.tlog
c:\users\danik\source\repos\task10_11kg\task10_11kg\x64\debug\task10_11kg.tlog\link.write.1.tlog
c:\users\danik\source\repos\task10_11kg\task10_11kg\x64\debug\task10_11kg.tlog\rc.command.1.tlog
c:\users\danik\source\repos\task10_11kg\task10_11kg\x64\debug\task10_11kg.tlog\rc.read.1.tlog
c:\users\danik\source\repos\task10_11kg\task10_11kg\x64\debug\task10_11kg.tlog\rc.write.1.tlog
